\BOOKMARK [1][-]{section.1}{\376\377\151\202\211\201\213\276\213\241}{}% 1
\BOOKMARK [2][-]{subsection.1.1}{\376\377\133\236\232\214\166\356\166\204\116\016\211\201\154\102}{section.1}% 2
\BOOKMARK [2][-]{subsection.1.2}{\376\377\137\000\123\321\163\257\130\203}{section.1}% 3
\BOOKMARK [1][-]{section.2}{\376\377\133\236\232\214\116\000}{}% 4
\BOOKMARK [2][-]{subsection.2.1}{\376\377\133\236\232\214\230\230\166\356}{section.2}% 5
\BOOKMARK [2][-]{subsection.2.2}{\376\377\133\236\232\214\166\356\166\204}{section.2}% 6
\BOOKMARK [2][-]{subsection.2.3}{\376\377\133\236\232\214\121\205\133\271}{section.2}% 7
\BOOKMARK [2][-]{subsection.2.4}{\376\377\133\236\232\214\217\307\172\013}{section.2}% 8
\BOOKMARK [3][-]{subsubsection.2.4.1}{\376\377\147\204\220\040\000h\000u\000f\000f\000m\000a\000n\150\021}{subsection.2.4}% 9
\BOOKMARK [3][-]{subsubsection.2.4.2}{\376\377\127\050\147\000\134\017\151\202\163\207\202\202\160\271\224\376\210\150\116\055\142\176\122\060\151\202\163\207\147\000\134\017\166\204\202\202\160\271}{subsection.2.4}% 10
\BOOKMARK [3][-]{subsubsection.2.4.3}{\376\377\116\316\147\000\134\017\151\202\163\207\202\202\160\271\224\376\210\150\116\055\122\040\226\144\143\007\133\232\202\202\160\271}{subsection.2.4}% 11
\BOOKMARK [3][-]{subsubsection.2.4.4}{\376\377\134\006\145\260\202\202\160\271\143\011\151\202\163\207\143\322\121\145\122\060\147\000\134\017\151\202\163\207\202\202\160\271\224\376\210\150\116\055\124\010\220\002\166\204\117\115\177\156}{subsection.2.4}% 12
\BOOKMARK [3][-]{subsubsection.2.4.5}{\376\377\150\071\143\156\147\000\134\017\151\202\163\207\202\202\160\271\122\033\136\372\000h\000u\000f\000f\000m\000a\000n\150\021\202\202\160\271}{subsection.2.4}% 13
\BOOKMARK [3][-]{subsubsection.2.4.6}{\376\377\220\022\137\122\165\037\142\020\000h\000u\000f\000f\000m\000a\000n\177\026\170\001}{subsection.2.4}% 14
\BOOKMARK [3][-]{subsubsection.2.4.7}{\376\377\165\037\142\020\000h\000u\000f\000f\000m\000a\000n\177\026\170\001}{subsection.2.4}% 15
\BOOKMARK [2][-]{subsection.2.5}{\376\377\133\236\232\214\176\323\147\234}{section.2}% 16
\BOOKMARK [1][-]{section.3}{\376\377\133\236\232\214\116\214}{}% 17
\BOOKMARK [2][-]{subsection.3.1}{\376\377\133\236\232\214\230\230\166\356}{section.3}% 18
\BOOKMARK [2][-]{subsection.3.2}{\376\377\133\236\232\214\166\356\166\204}{section.3}% 19
\BOOKMARK [2][-]{subsection.3.3}{\376\377\133\236\232\214\121\205\133\271}{section.3}% 20
\BOOKMARK [2][-]{subsection.3.4}{\376\377\133\236\232\214\217\307\172\013}{section.3}% 21
\BOOKMARK [2][-]{subsection.3.5}{\376\377\133\236\232\214\176\323\147\234}{section.3}% 22
\BOOKMARK [1][-]{section.4}{\376\377\133\236\232\214\116\011}{}% 23
\BOOKMARK [2][-]{subsection.4.1}{\376\377\133\236\232\214\230\230\166\356}{section.4}% 24
\BOOKMARK [2][-]{subsection.4.2}{\376\377\133\236\232\214\166\356\166\204}{section.4}% 25
\BOOKMARK [2][-]{subsection.4.3}{\376\377\133\236\232\214\121\205\133\271}{section.4}% 26
\BOOKMARK [2][-]{subsection.4.4}{\376\377\133\236\232\214\217\307\172\013}{section.4}% 27
\BOOKMARK [3][-]{subsubsection.4.4.1}{\376\377\000M\000e\000m\000o\000r\000y\174\173}{subsection.4.4}% 28
\BOOKMARK [3][-]{subsubsection.4.4.2}{\376\377\000D\000e\000v\000i\000c\000e\174\173}{subsection.4.4}% 29
\BOOKMARK [3][-]{subsubsection.4.4.3}{\376\377\000C\000h\000\137\000m\000a\000n\000n\000a\000g\000e\000r\174\173}{subsection.4.4}% 30
\BOOKMARK [2][-]{subsection.4.5}{\376\377\133\236\232\214\176\323\147\234}{section.4}% 31
\BOOKMARK [1][-]{section.5}{\376\377\133\236\232\214\126\333}{}% 32
\BOOKMARK [2][-]{subsection.5.1}{\376\377\133\236\232\214\230\230\166\356}{section.5}% 33
\BOOKMARK [2][-]{subsection.5.2}{\376\377\133\236\232\214\166\356\166\204}{section.5}% 34
\BOOKMARK [2][-]{subsection.5.3}{\376\377\133\236\232\214\121\205\133\271}{section.5}% 35
\BOOKMARK [2][-]{subsection.5.4}{\376\377\133\236\232\214\217\307\172\013}{section.5}% 36
\BOOKMARK [2][-]{subsection.5.5}{\376\377\133\236\232\214\176\323\147\234}{section.5}% 37
\BOOKMARK [1][-]{section.6}{\376\377\133\236\232\214\140\073\176\323}{}% 38
\BOOKMARK [1][-]{section.7}{\376\377\226\104\137\125}{}% 39
\BOOKMARK [2][-]{subsection.7.1}{\376\377\133\236\232\214\116\000}{section.7}% 40
\BOOKMARK [3][-]{subsubsection.7.1.1}{\376\377\156\220\116\343\170\001\000c\000o\000n\000s\000t\000r\000u\000c\000t\000\137\000h\000u\000f\000f\000m\000a\000n\000\137\000t\000r\000e\000e\000.\000c\000p\000p}{subsection.7.1}% 41
\BOOKMARK [3][-]{subsubsection.7.1.2}{\376\377\172\013\136\217\000c\000o\000n\000s\000t\000r\000u\000c\000t\000\137\000h\000u\000f\000f\000m\000a\000n\000\137\000t\000r\000e\000e\000.\000e\000x\000e}{subsection.7.1}% 42
\BOOKMARK [2][-]{subsection.7.2}{\376\377\133\236\232\214\116\214}{section.7}% 43
\BOOKMARK [3][-]{subsubsection.7.2.1}{\376\377\156\220\116\343\170\001\000L\000R\000U\0004\000c\000a\000c\000h\000e\000-\000u\000p\000d\000a\000t\000e\000.\000c\000p\000p}{subsection.7.2}% 44
\BOOKMARK [3][-]{subsubsection.7.2.2}{\376\377\172\013\136\217\000L\000R\000U\0004\000c\000a\000c\000h\000e\000-\000u\000p\000d\000a\000t\000e\000.\000e\000x\000e}{subsection.7.2}% 45
\BOOKMARK [2][-]{subsection.7.3}{\376\377\133\236\232\214\116\011}{section.7}% 46
\BOOKMARK [3][-]{subsubsection.7.3.1}{\376\377\156\220\116\343\170\001\000c\000l\000a\000s\000s\000.\000h\000\040\000\046\000\040\000c\000h\000a\000n\000n\000e\000l\000.\000c\000p\000p}{subsection.7.3}% 47
\BOOKMARK [3][-]{subsubsection.7.3.2}{\376\377\172\013\136\217\000c\000h\000a\000n\000n\000e\000l\000.\000e\000x\000e}{subsection.7.3}% 48
\BOOKMARK [3][-]{subsubsection.7.3.3}{\376\377\133\214\145\164\133\236\232\214\176\323\147\234}{subsection.7.3}% 49
\BOOKMARK [2][-]{subsection.7.4}{\376\377\133\236\232\214\126\333}{section.7}% 50
\BOOKMARK [3][-]{subsubsection.7.4.1}{\376\377\156\220\116\343\170\001\000s\000i\000m\000u\000l\000a\000t\000e\000d\000\137\000s\000i\000n\000g\000l\000e\000\137\000p\000i\000p\000e\000l\000i\000n\000e\000.\000c\000p\000p}{subsection.7.4}% 51
\BOOKMARK [3][-]{subsubsection.7.4.2}{\376\377\172\013\136\217\000s\000i\000m\000u\000l\000a\000t\000e\000d\000\137\000s\000i\000n\000g\000l\000e\000\137\000p\000i\000p\000e\000l\000i\000n\000e\000.\000e\000x\000e}{subsection.7.4}% 52
\BOOKMARK [3][-]{subsubsection.7.4.3}{\376\377\133\214\145\164\133\236\232\214\176\323\147\234}{subsection.7.4}% 53
