\BOOKMARK [1][-]{section.1}{\376\377\133\236\232\214\0001\060\012\000G\000P\000I\000O\172\357\123\343\133\236\232\214\060\013}{}% 1
\BOOKMARK [2][-]{subsection.1.1}{\376\377\133\236\232\214\166\356\166\204}{section.1}% 2
\BOOKMARK [2][-]{subsection.1.2}{\376\377\133\236\232\214\121\205\133\271}{section.1}% 3
\BOOKMARK [2][-]{subsection.1.3}{\376\377\133\236\232\214\145\271\154\325}{section.1}% 4
\BOOKMARK [3][-]{subsubsection.1.3.1}{\376\377\133\236\232\214\123\237\164\006}{subsection.1.3}% 5
\BOOKMARK [3][-]{subsubsection.1.3.2}{\376\377\133\236\232\214\145\271\150\110\123\312\214\003\213\325\217\307\172\013}{subsection.1.3}% 6
\BOOKMARK [2][-]{subsection.1.4}{\376\377\133\236\232\214\153\145\232\244}{section.1}% 7
\BOOKMARK [3][-]{subsubsection.1.4.1}{\376\377\121\306\131\007\133\236\232\214\163\257\130\203}{subsection.1.4}% 8
\BOOKMARK [3][-]{subsubsection.1.4.2}{\376\377\116\062\123\343\143\245\145\066\213\276\177\156}{subsection.1.4}% 9
\BOOKMARK [3][-]{subsubsection.1.4.3}{\376\377\142\123\137\000\133\236\232\214\117\213\172\013}{subsection.1.4}% 10
\BOOKMARK [3][-]{subsubsection.1.4.4}{\376\377\211\302\133\337\133\236\232\214\176\323\147\234}{subsection.1.4}% 11
\BOOKMARK [2][-]{subsection.1.5}{\376\377\133\236\232\214\176\323\147\234}{section.1}% 12
\BOOKMARK [2][-]{subsection.1.6}{\376\377\133\236\232\214\176\323\213\272}{section.1}% 13
\BOOKMARK [2][-]{subsection.1.7}{\376\377\133\236\232\214\134\017\176\323}{section.1}% 14
\BOOKMARK [1][-]{section.2}{\376\377\133\236\232\214\0002\060\012\116\055\145\255\133\236\232\214\060\013}{}% 15
\BOOKMARK [2][-]{subsection.2.1}{\376\377\133\236\232\214\166\356\166\204}{section.2}% 16
\BOOKMARK [2][-]{subsection.2.2}{\376\377\133\236\232\214\121\205\133\271}{section.2}% 17
\BOOKMARK [2][-]{subsection.2.3}{\376\377\133\236\232\214\145\271\154\325}{section.2}% 18
\BOOKMARK [2][-]{subsection.2.4}{\376\377\133\236\232\214\153\145\232\244}{section.2}% 19
\BOOKMARK [2][-]{subsection.2.5}{\376\377\133\236\232\214\176\323\213\272}{section.2}% 20
\BOOKMARK [2][-]{subsection.2.6}{\376\377\133\236\232\214\134\017\176\323}{section.2}% 21
\BOOKMARK [1][-]{section.3}{\376\377\133\236\232\214\0003\060\012\000U\000a\000r\000t\000+\133\232\145\366\126\150\133\236\232\214\060\013}{}% 22
\BOOKMARK [2][-]{subsection.3.1}{\376\377\133\236\232\214\166\356\166\204}{section.3}% 23
\BOOKMARK [2][-]{subsection.3.2}{\376\377\133\236\232\214\121\205\133\271}{section.3}% 24
\BOOKMARK [2][-]{subsection.3.3}{\376\377\133\236\232\214\145\271\154\325}{section.3}% 25
\BOOKMARK [2][-]{subsection.3.4}{\376\377\133\236\232\214\153\145\232\244}{section.3}% 26
\BOOKMARK [2][-]{subsection.3.5}{\376\377\133\236\232\214\176\323\213\272}{section.3}% 27
\BOOKMARK [2][-]{subsection.3.6}{\376\377\133\236\232\214\134\017\176\323}{section.3}% 28
\BOOKMARK [1][-]{section.4}{\376\377\133\236\232\214\0004\060\012\000C\000/\000O\000S\000-\000I\000I\000I\000\040\133\236\232\214\040\024\040\024\117\341\123\367\221\317\060\013}{}% 29
\BOOKMARK [2][-]{subsection.4.1}{\376\377\133\236\232\214\166\356\166\204}{section.4}% 30
\BOOKMARK [2][-]{subsection.4.2}{\376\377\133\236\232\214\121\205\133\271}{section.4}% 31
\BOOKMARK [2][-]{subsection.4.3}{\376\377\133\236\232\214\145\271\154\325}{section.4}% 32
\BOOKMARK [2][-]{subsection.4.4}{\376\377\133\236\232\214\153\145\232\244}{section.4}% 33
\BOOKMARK [2][-]{subsection.4.5}{\376\377\133\236\232\214\176\323\213\272}{section.4}% 34
\BOOKMARK [2][-]{subsection.4.6}{\376\377\133\236\232\214\134\017\176\323}{section.4}% 35
\BOOKMARK [1][-]{section.5}{\376\377\226\104\137\125}{}% 36
\BOOKMARK [2][-]{subsection.5.1}{\376\377\133\236\232\214\0001\156\220\116\343\170\001}{section.5}% 37
